<?xml version="1.0" encoding="UTF-8"?>
<TestRun id="9fae233b-1f6f-4c15-a93a-a6064b4f3dc9" name="rosen.rusev@PTF-UK-D036 2013-02-20 16:08:42" runUser="FINTRAX\rosen.rusev" xmlns="http://microsoft.com/schemas/VisualStudio/TeamTest/2010">
  <TestSettings name="Local" id="d006c499-29d0-4555-b434-62ac613ecd6f">
    <Description>These are default test settings for a local test run.</Description>
    <Deployment enabled="false" runDeploymentRoot="rosen.rusev_PTF-UK-D036 2013-02-20 16_08_42">
      <DeploymentItem filename="C:\PROJECTS\VScan\PTFLib\bin\Debug\PTFLib.dll" />
      <DeploymentItem filename="C:\PROJECTS\VScan\TransferringService\bin\Debug\TransferringService.exe" />
      <DeploymentItem filename="C:\PROJECTS\VScan\PTF.Common\bin\Debug\PTF.Common.dll" />
    </Deployment>
    <Execution>
      <TestTypeSpecific />
      <AgentRule name="Execution Agents">
      </AgentRule>
    </Execution>
  </TestSettings>
  <Times creation="2013-02-20T16:08:42.9709074+00:00" queuing="2013-02-20T16:08:43.9110202+00:00" start="2013-02-20T16:08:44.0185331+00:00" finish="2013-02-20T16:10:10.2888843+00:00" />
  <ResultSummary outcome="Error">
    <Counters total="1" executed="1" passed="1" error="0" failed="0" timeout="0" aborted="0" inconclusive="0" passedButRunAborted="0" notRunnable="0" notExecuted="0" disconnected="0" warning="0" completed="0" inProgress="0" pending="0" />
    <RunInfos>
      <RunInfo computerName="PTF-UK-D036" outcome="Error" timestamp="2013-02-20T16:10:10.2888843+00:00">
        <Text>Test host process exited unexpectedly.</Text>
      </RunInfo>
    </RunInfos>
  </ResultSummary>
  <TestDefinitions>
    <UnitTest name="OK_call_dataservice_querysiteCodes_insertdatabase" storage="c:\projects\vscan\scantest\bin\debug\scantest.dll" id="47817c34-efd7-86c6-0339-95ec93ab1f9c">
      <Execution id="ec538502-724f-487d-a5df-3c2486d50bcd" />
      <TestMethod codeBase="C:/PROJECTS/VScan/ScanTest/bin/Debug/ScanTest.DLL" adapterTypeName="Microsoft.VisualStudio.TestTools.TestTypes.Unit.UnitTestAdapter, Microsoft.VisualStudio.QualityTools.Tips.UnitTest.Adapter, Version=10.0.0.0, Culture=neutral, PublicKeyToken=b03f5f7f11d50a3a" className="ScanTest.ServiceTest, ScanTest, Version=1.0.0.0, Culture=neutral, PublicKeyToken=null" name="OK_call_dataservice_querysiteCodes_insertdatabase" />
    </UnitTest>
  </TestDefinitions>
  <TestLists>
    <TestList name="Results Not in a List" id="8c84fa94-04c1-424b-9868-57a2d4851a1d" />
    <TestList name="All Loaded Results" id="19431567-8539-422a-85d7-44ee4e166bda" />
  </TestLists>
  <TestEntries>
    <TestEntry testId="47817c34-efd7-86c6-0339-95ec93ab1f9c" executionId="ec538502-724f-487d-a5df-3c2486d50bcd" testListId="8c84fa94-04c1-424b-9868-57a2d4851a1d" />
  </TestEntries>
  <Results>
    <UnitTestResult executionId="ec538502-724f-487d-a5df-3c2486d50bcd" testId="47817c34-efd7-86c6-0339-95ec93ab1f9c" testName="OK_call_dataservice_querysiteCodes_insertdatabase" computerName="PTF-UK-D036" duration="00:00:41.9298424" startTime="2013-02-20T16:08:44.1260460+00:00" endTime="2013-02-20T16:09:27.1762114+00:00" testType="13cdc9d9-ddb5-4fa4-a97d-d965ccfc6d4b" outcome="Passed" testListId="8c84fa94-04c1-424b-9868-57a2d4851a1d" relativeResultsDirectory="ec538502-724f-487d-a5df-3c2486d50bcd">
    </UnitTestResult>
  </Results>
</TestRun>