<?xml version="1.0" encoding="UTF-8"?>
<TestRun id="d89d094b-b314-4f19-8b9e-a02e20900699" name="rosen.rusev@PTF-UK-D036 2013-02-20 16:12:38" runUser="FINTRAX\rosen.rusev" xmlns="http://microsoft.com/schemas/VisualStudio/TeamTest/2010">
  <TestSettings name="Local" id="d006c499-29d0-4555-b434-62ac613ecd6f">
    <Description>These are default test settings for a local test run.</Description>
    <Deployment enabled="false" runDeploymentRoot="rosen.rusev_PTF-UK-D036 2013-02-20 16_12_38">
      <DeploymentItem filename="C:\PROJECTS\VScan\PTFLib\bin\Debug\PTFLib.dll" />
      <DeploymentItem filename="C:\PROJECTS\VScan\TransferringService\bin\Debug\TransferringService.exe" />
      <DeploymentItem filename="C:\PROJECTS\VScan\PTF.Common\bin\Debug\PTF.Common.dll" />
    </Deployment>
    <Execution>
      <TestTypeSpecific />
      <AgentRule name="Execution Agents">
      </AgentRule>
    </Execution>
  </TestSettings>
  <Times creation="2013-02-20T16:12:38.2487991+00:00" queuing="2013-02-20T16:12:39.1389415+00:00" start="2013-02-20T16:12:39.3114691+00:00" finish="2013-02-20T16:13:27.9542507+00:00" />
  <ResultSummary outcome="Completed">
    <Counters total="1" executed="1" passed="1" error="0" failed="0" timeout="0" aborted="0" inconclusive="0" passedButRunAborted="0" notRunnable="0" notExecuted="0" disconnected="0" warning="0" completed="0" inProgress="0" pending="0" />
  </ResultSummary>
  <TestDefinitions>
    <UnitTest name="OK_call_dataservice_querysiteCodes_insertdatabase" storage="c:\projects\vscan\scantest\bin\debug\scantest.dll" id="47817c34-efd7-86c6-0339-95ec93ab1f9c">
      <Execution id="bb295fb8-b5a4-488b-8e3e-e2126d92992a" />
      <TestMethod codeBase="C:/PROJECTS/VScan/ScanTest/bin/Debug/ScanTest.DLL" adapterTypeName="Microsoft.VisualStudio.TestTools.TestTypes.Unit.UnitTestAdapter, Microsoft.VisualStudio.QualityTools.Tips.UnitTest.Adapter, Version=10.0.0.0, Culture=neutral, PublicKeyToken=b03f5f7f11d50a3a" className="ScanTest.ServiceTest, ScanTest, Version=1.0.0.0, Culture=neutral, PublicKeyToken=null" name="OK_call_dataservice_querysiteCodes_insertdatabase" />
    </UnitTest>
  </TestDefinitions>
  <TestLists>
    <TestList name="Results Not in a List" id="8c84fa94-04c1-424b-9868-57a2d4851a1d" />
    <TestList name="All Loaded Results" id="19431567-8539-422a-85d7-44ee4e166bda" />
  </TestLists>
  <TestEntries>
    <TestEntry testId="47817c34-efd7-86c6-0339-95ec93ab1f9c" executionId="bb295fb8-b5a4-488b-8e3e-e2126d92992a" testListId="8c84fa94-04c1-424b-9868-57a2d4851a1d" />
  </TestEntries>
  <Results>
    <UnitTestResult executionId="bb295fb8-b5a4-488b-8e3e-e2126d92992a" testId="47817c34-efd7-86c6-0339-95ec93ab1f9c" testName="OK_call_dataservice_querysiteCodes_insertdatabase" computerName="PTF-UK-D036" duration="00:00:19.6773123" startTime="2013-02-20T16:12:39.4189863+00:00" endTime="2013-02-20T16:13:00.2123127+00:00" testType="13cdc9d9-ddb5-4fa4-a97d-d965ccfc6d4b" outcome="Passed" testListId="8c84fa94-04c1-424b-9868-57a2d4851a1d" relativeResultsDirectory="bb295fb8-b5a4-488b-8e3e-e2126d92992a">
    </UnitTestResult>
  </Results>
</TestRun>