<?xml version="1.0" encoding="UTF-8"?>
<TestRun id="d78bd8d6-efaa-4fc6-92a8-ef4cfe9d72b6" name="rosen.rusev@PTF-UK-D036 2013-02-20 16:43:48" runUser="FINTRAX\rosen.rusev" xmlns="http://microsoft.com/schemas/VisualStudio/TeamTest/2010">
  <TestSettings name="Local" id="d006c499-29d0-4555-b434-62ac613ecd6f">
    <Description>These are default test settings for a local test run.</Description>
    <Deployment enabled="false" runDeploymentRoot="rosen.rusev_PTF-UK-D036 2013-02-20 16_43_48">
      <DeploymentItem filename="C:\PROJECTS\VScan\PTFLib\bin\Debug\PTFLib.dll" />
      <DeploymentItem filename="C:\PROJECTS\VScan\TransferringService\bin\Debug\TransferringService.exe" />
      <DeploymentItem filename="C:\PROJECTS\VScan\PTF.Common\bin\Debug\PTF.Common.dll" />
    </Deployment>
    <Execution>
      <TestTypeSpecific />
      <AgentRule name="Execution Agents">
      </AgentRule>
    </Execution>
  </TestSettings>
  <Times creation="2013-02-20T16:43:48.9774956+00:00" queuing="2013-02-20T16:43:49.9325720+00:00" start="2013-02-20T16:43:50.0425808+00:00" finish="2013-02-20T16:44:26.7580178+00:00" />
  <ResultSummary outcome="Completed">
    <Counters total="1" executed="1" passed="1" error="0" failed="0" timeout="0" aborted="0" inconclusive="0" passedButRunAborted="0" notRunnable="0" notExecuted="0" disconnected="0" warning="0" completed="0" inProgress="0" pending="0" />
  </ResultSummary>
  <TestDefinitions>
    <UnitTest name="clientdataaccess_insertfile_test" storage="c:\projects\vscan\scantest\bin\debug\scantest.dll" id="4787f674-9022-844a-6e7f-2ce0ef322192">
      <Execution id="4477382e-ce7d-4334-9085-d6babb750798" />
      <TestMethod codeBase="C:/PROJECTS/VScan/ScanTest/bin/Debug/ScanTest.DLL" adapterTypeName="Microsoft.VisualStudio.TestTools.TestTypes.Unit.UnitTestAdapter, Microsoft.VisualStudio.QualityTools.Tips.UnitTest.Adapter, Version=10.0.0.0, Culture=neutral, PublicKeyToken=b03f5f7f11d50a3a" className="ScanTest.ClientDataAccessTest, ScanTest, Version=1.0.0.0, Culture=neutral, PublicKeyToken=null" name="clientdataaccess_insertfile_test" />
    </UnitTest>
  </TestDefinitions>
  <TestLists>
    <TestList name="Results Not in a List" id="8c84fa94-04c1-424b-9868-57a2d4851a1d" />
    <TestList name="All Loaded Results" id="19431567-8539-422a-85d7-44ee4e166bda" />
  </TestLists>
  <TestEntries>
    <TestEntry testId="4787f674-9022-844a-6e7f-2ce0ef322192" executionId="4477382e-ce7d-4334-9085-d6babb750798" testListId="8c84fa94-04c1-424b-9868-57a2d4851a1d" />
  </TestEntries>
  <Results>
    <UnitTestResult executionId="4477382e-ce7d-4334-9085-d6babb750798" testId="4787f674-9022-844a-6e7f-2ce0ef322192" testName="clientdataaccess_insertfile_test" computerName="PTF-UK-D036" duration="00:00:09.6792265" startTime="2013-02-20T16:43:50.1475892+00:00" endTime="2013-02-20T16:44:00.9659546+00:00" testType="13cdc9d9-ddb5-4fa4-a97d-d965ccfc6d4b" outcome="Passed" testListId="8c84fa94-04c1-424b-9868-57a2d4851a1d" relativeResultsDirectory="4477382e-ce7d-4334-9085-d6babb750798">
    </UnitTestResult>
  </Results>
</TestRun>