<?xml version="1.0" encoding="UTF-8"?>
<TestRun id="e67bad3d-274b-46b4-b0e3-b3bb5b25505e" name="rosen.rusev@PTF-UK-D036 2013-02-20 17:08:38" runUser="FINTRAX\rosen.rusev" xmlns="http://microsoft.com/schemas/VisualStudio/TeamTest/2010">
  <TestSettings name="Local" id="d006c499-29d0-4555-b434-62ac613ecd6f">
    <Description>These are default test settings for a local test run.</Description>
    <Deployment enabled="false" runDeploymentRoot="rosen.rusev_PTF-UK-D036 2013-02-20 17_08_38">
      <DeploymentItem filename="C:\PROJECTS\VScan\PTFLib\bin\Debug\PTFLib.dll" />
      <DeploymentItem filename="C:\PROJECTS\VScan\TransferringService\bin\Debug\TransferringService.exe" />
      <DeploymentItem filename="C:\PROJECTS\VScan\PTF.Common\bin\Debug\PTF.Common.dll" />
    </Deployment>
    <Execution>
      <TestTypeSpecific />
      <AgentRule name="Execution Agents">
      </AgentRule>
    </Execution>
  </TestSettings>
  <Times creation="2013-02-20T17:08:38.1020670+00:00" queuing="2013-02-20T17:08:39.1070670+00:00" start="2013-02-20T17:08:39.2620670+00:00" finish="2013-02-20T17:09:17.8545670+00:00" />
  <ResultSummary outcome="Completed">
    <Counters total="1" executed="1" passed="1" error="0" failed="0" timeout="0" aborted="0" inconclusive="0" passedButRunAborted="0" notRunnable="0" notExecuted="0" disconnected="0" warning="0" completed="0" inProgress="0" pending="0" />
  </ResultSummary>
  <TestDefinitions>
    <UnitTest name="OK_dataservice_querysiteCodes_insertdatabase" storage="c:\projects\vscan\scantest\bin\debug\scantest.dll" id="f6fdbe20-7bba-1399-59aa-09f133d6c108">
      <Execution id="fb72625c-f96a-41e4-8c7c-aaf7629fa3e8" />
      <TestMethod codeBase="C:/PROJECTS/VScan/ScanTest/bin/Debug/ScanTest.DLL" adapterTypeName="Microsoft.VisualStudio.TestTools.TestTypes.Unit.UnitTestAdapter, Microsoft.VisualStudio.QualityTools.Tips.UnitTest.Adapter, Version=10.0.0.0, Culture=neutral, PublicKeyToken=b03f5f7f11d50a3a" className="ScanTest.ServiceTest, ScanTest, Version=1.0.0.0, Culture=neutral, PublicKeyToken=null" name="OK_dataservice_querysiteCodes_insertdatabase" />
    </UnitTest>
  </TestDefinitions>
  <TestLists>
    <TestList name="Results Not in a List" id="8c84fa94-04c1-424b-9868-57a2d4851a1d" />
    <TestList name="All Loaded Results" id="19431567-8539-422a-85d7-44ee4e166bda" />
  </TestLists>
  <TestEntries>
    <TestEntry testId="f6fdbe20-7bba-1399-59aa-09f133d6c108" executionId="fb72625c-f96a-41e4-8c7c-aaf7629fa3e8" testListId="8c84fa94-04c1-424b-9868-57a2d4851a1d" />
  </TestEntries>
  <Results>
    <UnitTestResult executionId="fb72625c-f96a-41e4-8c7c-aaf7629fa3e8" testId="f6fdbe20-7bba-1399-59aa-09f133d6c108" testName="OK_dataservice_querysiteCodes_insertdatabase" computerName="PTF-UK-D036" duration="00:00:20.4341281" startTime="2013-02-20T17:08:39.3695670+00:00" endTime="2013-02-20T17:09:00.9320670+00:00" testType="13cdc9d9-ddb5-4fa4-a97d-d965ccfc6d4b" outcome="Passed" testListId="8c84fa94-04c1-424b-9868-57a2d4851a1d" relativeResultsDirectory="fb72625c-f96a-41e4-8c7c-aaf7629fa3e8">
    </UnitTestResult>
  </Results>
</TestRun>