<?xml version="1.0" encoding="UTF-8"?>
<TestRun id="4c87fdc5-a43f-4e87-a0de-16edf276d3e7" name="rosen.rusev@PTF-UK-D036 2013-02-20 16:30:24" runUser="FINTRAX\rosen.rusev" xmlns="http://microsoft.com/schemas/VisualStudio/TeamTest/2010">
  <TestSettings name="Local" id="d006c499-29d0-4555-b434-62ac613ecd6f">
    <Description>These are default test settings for a local test run.</Description>
    <Deployment enabled="false" runDeploymentRoot="rosen.rusev_PTF-UK-D036 2013-02-20 16_30_24">
      <DeploymentItem filename="C:\PROJECTS\VScan\PTFLib\bin\Debug\PTFLib.dll" />
      <DeploymentItem filename="C:\PROJECTS\VScan\TransferringService\bin\Debug\TransferringService.exe" />
      <DeploymentItem filename="C:\PROJECTS\VScan\PTF.Common\bin\Debug\PTF.Common.dll" />
    </Deployment>
    <Execution>
      <TestTypeSpecific />
      <AgentRule name="Execution Agents">
      </AgentRule>
    </Execution>
  </TestSettings>
  <Times creation="2013-02-20T16:30:24.4848951+00:00" queuing="2013-02-20T16:30:25.3697181+00:00" start="2013-02-20T16:30:25.4746971+00:00" finish="2013-02-20T16:30:40.7041506+00:00" />
  <ResultSummary outcome="Completed">
    <Counters total="1" executed="1" passed="1" error="0" failed="0" timeout="0" aborted="0" inconclusive="0" passedButRunAborted="0" notRunnable="0" notExecuted="0" disconnected="0" warning="0" completed="0" inProgress="0" pending="0" />
  </ResultSummary>
  <TestDefinitions>
    <UnitTest name="OK_TransferringWorker_ThreadFunction" storage="c:\projects\vscan\scantest\bin\debug\scantest.dll" id="71a0371f-dd74-11b0-52a6-04bc85ed5c35">
      <Execution id="b23a16c3-fc43-4c09-be90-516b152364d3" />
      <TestMethod codeBase="C:/PROJECTS/VScan/ScanTest/bin/Debug/ScanTest.DLL" adapterTypeName="Microsoft.VisualStudio.TestTools.TestTypes.Unit.UnitTestAdapter, Microsoft.VisualStudio.QualityTools.Tips.UnitTest.Adapter, Version=10.0.0.0, Culture=neutral, PublicKeyToken=b03f5f7f11d50a3a" className="ScanTest.TransferringWorkerTest, ScanTest, Version=1.0.0.0, Culture=neutral, PublicKeyToken=null" name="OK_TransferringWorker_ThreadFunction" />
    </UnitTest>
  </TestDefinitions>
  <TestLists>
    <TestList name="Results Not in a List" id="8c84fa94-04c1-424b-9868-57a2d4851a1d" />
    <TestList name="All Loaded Results" id="19431567-8539-422a-85d7-44ee4e166bda" />
  </TestLists>
  <TestEntries>
    <TestEntry testId="71a0371f-dd74-11b0-52a6-04bc85ed5c35" executionId="b23a16c3-fc43-4c09-be90-516b152364d3" testListId="8c84fa94-04c1-424b-9868-57a2d4851a1d" />
  </TestEntries>
  <Results>
    <UnitTestResult executionId="b23a16c3-fc43-4c09-be90-516b152364d3" testId="71a0371f-dd74-11b0-52a6-04bc85ed5c35" testName="OK_TransferringWorker_ThreadFunction" computerName="PTF-UK-D036" duration="00:00:13.0662443" startTime="2013-02-20T16:30:25.5771766+00:00" endTime="2013-02-20T16:30:40.5041906+00:00" testType="13cdc9d9-ddb5-4fa4-a97d-d965ccfc6d4b" outcome="Passed" testListId="8c84fa94-04c1-424b-9868-57a2d4851a1d" relativeResultsDirectory="b23a16c3-fc43-4c09-be90-516b152364d3">
    </UnitTestResult>
  </Results>
</TestRun>